<?xml version="1.0" encoding="UTF-8"?>
<!-- Generated by org.testng.reporters.JUnitXMLReporter -->
<testsuite hostname="aspire1235" name="Aspire TA Generic Framework" tests="1" failures="1" timestamp="26 May 2017 08:09:44 GMT" time="611.822" errors="0">
  <testcase name="tcTAFrameworkJAVADemo01" time="611.749" classname="com.TAFrameworkJAVA.testscripts.demo.AspireTA_Java_Framework_Demo">
    <failure type="org.openqa.selenium.WebDriverException" message="ERROR Internal Server Error (WARNING: The server did not provide any stacktrace information)
Command duration or timeout: 180.19 seconds
Build info: version: &amp;apos;2.53.1&amp;apos;, revision: &amp;apos;a36b8b1cd5757287168e54b817830adce9b0158d&amp;apos;, time: &amp;apos;2016-06-30 19:26:09&amp;apos;
System info: host: &amp;apos;aspire1235&amp;apos;, ip: &amp;apos;11.16.10.206&amp;apos;, os.name: &amp;apos;Windows 7&amp;apos;, os.arch: &amp;apos;amd64&amp;apos;, os.version: &amp;apos;6.1&amp;apos;, java.version: &amp;apos;1.8.0_102&amp;apos;
Driver info: org.openqa.selenium.remote.RemoteWebDriver
Capabilities [{applicationCacheEnabled=false, rotatable=false, mobileEmulationEnabled=false, chrome={}, takesHeapSnapshot=true, hasMetadata=true, databaseEnabled=false, hasTouchScreen=false, handlesAlerts=true, version=39.0.0.0, platform=ANDROID, browserConnectionEnabled=false, nativeEvents=true, acceptSslCerts=true, webdriver.remote.sessionid=714c122c69304a5d85f35bc1628cf290, webStorageEnabled=true, locationContextEnabled=true, takesScreenshot=true, browserName=chrome, javascriptEnabled=true, cssSelectorsEnabled=true}]
Session ID: 714c122c69304a5d85f35bc1628cf290">
      <![CDATA[org.openqa.selenium.WebDriverException: ERROR Internal Server Error (WARNING: The server did not provide any stacktrace information)
Command duration or timeout: 180.19 seconds
Build info: version: '2.53.1', revision: 'a36b8b1cd5757287168e54b817830adce9b0158d', time: '2016-06-30 19:26:09'
System info: host: 'aspire1235', ip: '11.16.10.206', os.name: 'Windows 7', os.arch: 'amd64', os.version: '6.1', java.version: '1.8.0_102'
Driver info: org.openqa.selenium.remote.RemoteWebDriver
Capabilities [{applicationCacheEnabled=false, rotatable=false, mobileEmulationEnabled=false, chrome={}, takesHeapSnapshot=true, hasMetadata=true, databaseEnabled=false, hasTouchScreen=false, handlesAlerts=true, version=39.0.0.0, platform=ANDROID, browserConnectionEnabled=false, nativeEvents=true, acceptSslCerts=true, webdriver.remote.sessionid=714c122c69304a5d85f35bc1628cf290, webStorageEnabled=true, locationContextEnabled=true, takesScreenshot=true, browserName=chrome, javascriptEnabled=true, cssSelectorsEnabled=true}]
Session ID: 714c122c69304a5d85f35bc1628cf290
	at org.openqa.selenium.remote.ErrorHandler.createThrowable(ErrorHandler.java:206)
	at org.openqa.selenium.remote.ErrorHandler.throwIfResponseFailed(ErrorHandler.java:158)
	at org.openqa.selenium.remote.RemoteWebDriver.execute(RemoteWebDriver.java:678)
	at org.openqa.selenium.remote.RemoteWebDriver.execute(RemoteWebDriver.java:701)
	at org.openqa.selenium.remote.RemoteWebDriver.getScreenshotAs(RemoteWebDriver.java:335)
	at com.TAFrameworkJAVA.support.ScreenshotManager.takeScreenshot(ScreenshotManager.java:26)
	at com.TAFrameworkJAVA.support.Log.takeScreenShot(Log.java:130)
	at com.TAFrameworkJAVA.support.Log.exception(Log.java:682)
	at com.TAFrameworkJAVA.testscripts.demo.AspireTA_Java_Framework_Demo.tcTAFrameworkJAVADemo01(AspireTA_Java_Framework_Demo.java:58)
	at java.util.concurrent.FutureTask.run(FutureTask.java:266)
	at java.util.concurrent.Executors$RunnableAdapter.call(Executors.java:511)
	at java.util.concurrent.FutureTask.run(FutureTask.java:266)
	at java.util.concurrent.ThreadPoolExecutor.runWorker(ThreadPoolExecutor.java:1142)
	at java.util.concurrent.ThreadPoolExecutor$Worker.run(ThreadPoolExecutor.java:617)
	at java.lang.Thread.run(Thread.java:745)
... Removed 13 stack frames]]>
    </failure>
  </testcase> <!-- tcTAFrameworkJAVADemo01 -->
</testsuite> <!-- Aspire TA Generic Framework -->
